Unity Editor version:    2022.3.21f1 (bf09ca542b87)
Branch:                  2022.3/staging
Build type:              Release
Batch mode:              YES
macOS version:           Version 14.1 (Build 23B2073)
Darwin version:          23.1.0
Architecture:            arm64
Running under Rosetta:   NO
Available memory:        36864 MB
Using pre-set license
Pro License: YES

COMMAND LINE ARGUMENTS:
/Applications/Unity/Hub/Editor/2022.3.21f1/Unity.app/Contents/MacOS/Unity
-adb2
-batchMode
-noUpm
-name
AssetImportWorker0
-projectPath
/Users/tonichami/UnityProjects/Programming-Theory-Project/Programming Theory Project
-logFile
Logs/AssetImportWorker0.log
-srvPort
51861
Successfully changed project path to: /Users/tonichami/UnityProjects/Programming-Theory-Project/Programming Theory Project
/Users/tonichami/UnityProjects/Programming-Theory-Project/Programming Theory Project
[UnityMemory] Configuration Parameters - Can be set up in boot.config
    "memorysetup-bucket-allocator-granularity=16"
    "memorysetup-bucket-allocator-bucket-count=8"
    "memorysetup-bucket-allocator-block-size=33554432"
    "memorysetup-bucket-allocator-block-count=8"
    "memorysetup-main-allocator-block-size=16777216"
    "memorysetup-thread-allocator-block-size=16777216"
    "memorysetup-gfx-main-allocator-block-size=16777216"
    "memorysetup-gfx-thread-allocator-block-size=16777216"
    "memorysetup-cache-allocator-block-size=4194304"
    "memorysetup-typetree-allocator-block-size=2097152"
    "memorysetup-profiler-bucket-allocator-granularity=16"
    "memorysetup-profiler-bucket-allocator-bucket-count=8"
    "memorysetup-profiler-bucket-allocator-block-size=33554432"
    "memorysetup-profiler-bucket-allocator-block-count=8"
    "memorysetup-profiler-allocator-block-size=16777216"
    "memorysetup-profiler-editor-allocator-block-size=1048576"
    "memorysetup-temp-allocator-size-main=16777216"
    "memorysetup-job-temp-allocator-block-size=2097152"
    "memorysetup-job-temp-allocator-block-size-background=1048576"
    "memorysetup-job-temp-allocator-reduction-small-platforms=262144"
    "memorysetup-allocator-temp-initial-block-size-main=262144"
    "memorysetup-allocator-temp-initial-block-size-worker=262144"
    "memorysetup-temp-allocator-size-background-worker=32768"
    "memorysetup-temp-allocator-size-job-worker=262144"
    "memorysetup-temp-allocator-size-preload-manager=33554432"
    "memorysetup-temp-allocator-size-nav-mesh-worker=65536"
    "memorysetup-temp-allocator-size-audio-worker=65536"
    "memorysetup-temp-allocator-size-cloud-worker=32768"
    "memorysetup-temp-allocator-size-gi-baking-worker=262144"
    "memorysetup-temp-allocator-size-gfx=262144"
Player connection [8048680640] Host "[IP] 192.168.1.10 [Port] 0 [Flags] 2 [Guid] 2920194212 [EditorId] 2920194212 [Version] 1048832 [Id] OSXEditor(0,Tonys-MacBook-Pro.local) [Debug] 1 [PackageName] OSXEditor [ProjectName] Editor" joined multi-casting on [225.0.0.222:54997]...

Player connection [8048680640] Host "[IP] 192.168.1.10 [Port] 0 [Flags] 2 [Guid] 2920194212 [EditorId] 2920194212 [Version] 1048832 [Id] OSXEditor(0,Tonys-MacBook-Pro.local) [Debug] 1 [PackageName] OSXEditor [ProjectName] Editor" joined alternative multi-casting on [225.0.0.222:34997]...

[Physics::Module] Initialized MultithreadedJobDispatcher with 13 workers.
Refreshing native plugins compatible for Editor in 1.39 ms, found 2 plugins.
Preloading 0 native plugins for Editor in 0.00 ms.
Initialize engine version: 2022.3.21f1 (bf09ca542b87)
[Subsystems] Discovering subsystems at path /Applications/Unity/Hub/Editor/2022.3.21f1/Unity.app/Contents/Resources/UnitySubsystems
[Subsystems] Discovering subsystems at path /Users/tonichami/UnityProjects/Programming-Theory-Project/Programming Theory Project/Assets
GfxDevice: creating device client; threaded=0; jobified=0
 preferred device: Apple M3 Max (high power)
Metal devices available: 1
0: Apple M3 Max (high power)
Using device Apple M3 Max (high power)
Initializing Metal device caps: Apple M3 Max
Initialize mono
Mono path[0] = '/Applications/Unity/Hub/Editor/2022.3.21f1/Unity.app/Contents/Managed'
Mono path[1] = '/Applications/Unity/Hub/Editor/2022.3.21f1/Unity.app/Contents/MonoBleedingEdge/lib/mono/unityjit-macos'
Mono config path = '/Applications/Unity/Hub/Editor/2022.3.21f1/Unity.app/Contents/MonoBleedingEdge/etc'
Using monoOptions --debugger-agent=transport=dt_socket,embedding=1,server=y,suspend=n,address=127.0.0.1:56696
Begin MonoManager ReloadAssembly
Registering precompiled unity dll's ...
Register platform support module: /Applications/Unity/Hub/Editor/2022.3.21f1/PlaybackEngines/WebGLSupport/UnityEditor.WebGL.Extensions.dll
Register platform support module: /Applications/Unity/Hub/Editor/2022.3.21f1/Unity.app/Contents/PlaybackEngines/MacStandaloneSupport/UnityEditor.OSXStandalone.Extensions.dll
Registered in 0.000742 seconds.
- Loaded All Assemblies, in  0.149 seconds
Native extension for OSXStandalone target not found
Native extension for WebGL target not found
Mono: successfully reloaded assembly
- Finished resetting the current domain, in  0.121 seconds
Domain Reload Profiling: 270ms
	BeginReloadAssembly (32ms)
		ExecutionOrderSort (0ms)
		DisableScriptedObjects (0ms)
		BackupInstance (0ms)
		ReleaseScriptingObjects (0ms)
		CreateAndSetChildDomain (0ms)
	RebuildCommonClasses (18ms)
	RebuildNativeTypeToScriptingClass (7ms)
	initialDomainReloadingComplete (21ms)
	LoadAllAssembliesAndSetupDomain (70ms)
		LoadAssemblies (32ms)
		RebuildTransferFunctionScriptingTraits (0ms)
		AnalyzeDomain (70ms)
			TypeCache.Refresh (69ms)
				TypeCache.ScanAssembly (63ms)
			ScanForSourceGeneratedMonoScriptInfo (0ms)
			ResolveRequiredComponents (0ms)
	FinalizeReload (122ms)
		ReleaseScriptCaches (0ms)
		RebuildScriptCaches (0ms)
		SetupLoadedEditorAssemblies (93ms)
			LogAssemblyErrors (0ms)
			InitializePlatformSupportModulesInManaged (4ms)
			SetLoadedEditorAssemblies (3ms)
			RefreshPlugins (0ms)
			BeforeProcessingInitializeOnLoad (1ms)
			ProcessInitializeOnLoadAttributes (66ms)
			ProcessInitializeOnLoadMethodAttributes (20ms)
			AfterProcessingInitializeOnLoad (0ms)
			EditorAssembliesLoaded (0ms)
		ExecutionOrderSort2 (0ms)
		AwakeInstancesAfterBackupRestoration (0ms)
========================================================================
Worker process is ready to serve import requests
Begin MonoManager ReloadAssembly
- Loaded All Assemblies, in  0.250 seconds
Refreshing native plugins compatible for Editor in 0.43 ms, found 2 plugins.
Native extension for OSXStandalone target not found
Native extension for WebGL target not found
Package Manager log level set to [2]
[Package Manager] Server::EnsureServerProcessIsRunning -- launch failed, reason: Unity was launched with the -noUpm command-line argument
[Package Manager] UpmClient::Send -- Unable to send message (not connected to UPM process).
[Package Manager] Cannot connect to Unity Package Manager local server
Mono: successfully reloaded assembly
- Finished resetting the current domain, in  0.275 seconds
Domain Reload Profiling: 524ms
	BeginReloadAssembly (53ms)
		ExecutionOrderSort (0ms)
		DisableScriptedObjects (3ms)
		BackupInstance (0ms)
		ReleaseScriptingObjects (0ms)
		CreateAndSetChildDomain (14ms)
	RebuildCommonClasses (19ms)
	RebuildNativeTypeToScriptingClass (7ms)
	initialDomainReloadingComplete (17ms)
	LoadAllAssembliesAndSetupDomain (154ms)
		LoadAssemblies (85ms)
		RebuildTransferFunctionScriptingTraits (0ms)
		AnalyzeDomain (90ms)
			TypeCache.Refresh (81ms)
				TypeCache.ScanAssembly (74ms)
			ScanForSourceGeneratedMonoScriptInfo (6ms)
			ResolveRequiredComponents (2ms)
	FinalizeReload (275ms)
		ReleaseScriptCaches (0ms)
		RebuildScriptCaches (0ms)
		SetupLoadedEditorAssemblies (199ms)
			LogAssemblyErrors (0ms)
			InitializePlatformSupportModulesInManaged (3ms)
			SetLoadedEditorAssemblies (2ms)
			RefreshPlugins (0ms)
			BeforeProcessingInitializeOnLoad (26ms)
			ProcessInitializeOnLoadAttributes (160ms)
			ProcessInitializeOnLoadMethodAttributes (8ms)
			AfterProcessingInitializeOnLoad (0ms)
			EditorAssembliesLoaded (0ms)
		ExecutionOrderSort2 (0ms)
		AwakeInstancesAfterBackupRestoration (2ms)
Shader 'WFX/Transparent Specular': fallback shader 'Particles/Alpha Blended' not found
Shader 'WFX/Transparent Diffuse': fallback shader 'Particles/Alpha Blended' not found
Shader 'WFX/Transparent Diffuse': fallback shader 'Particles/Alpha Blended' not found
Shader 'WFX/Transparent Specular': fallback shader 'Particles/Alpha Blended' not found
Launching external process: /Applications/Unity/Hub/Editor/2022.3.21f1/Unity.app/Contents/Tools/UnityShaderCompiler
Launched and connected shader compiler UnityShaderCompiler after 0.04 seconds
Refreshing native plugins compatible for Editor in 0.53 ms, found 2 plugins.
Preloading 0 native plugins for Editor in 0.00 ms.
Unloading 3173 Unused Serialized files (Serialized files now loaded: 0)
Unloading 41 unused Assets / (401.0 KB). Loaded Objects now: 3647.
Memory consumption went from 146.9 MB to 146.5 MB.
Total: 2.184625 ms (FindLiveObjects: 0.076708 ms CreateObjectMapping: 0.033417 ms MarkObjects: 1.913166 ms  DeleteObjects: 0.161000 ms)

AssetImportParameters requested are different than current active one (requested -> active):
  custom:container-demuxer-ogg: 62fdf1f143b41e24485cea50d1cbac27 -> 
  custom:video-decoder-ogg-theora: a1e56fd34408186e4bbccfd4996cb3dc -> 
  custom:CustomObjectIndexerAttribute: 9a22284fe3817be447336de3de66b15e -> 
  custom:container-demuxer-webm: 4f35f7cbe854078d1ac9338744f61a02 -> 
  custom:container-muxer-webm: aa71ff27fc2769a1b78a27578f13a17b -> 
  custom:video-decoder-webm-vp8: 9c59270c3fd7afecdb556c50c9e8de78 -> 
  custom:SearchIndexIgnoredProperties: e643bd26f0fe6173181afceb89e7c659 -> 
  custom:AudioImporter_EditorPlatform: 3918e3fc78b5a79bad01e8451be0beb8 -> 
  custom:framework-osx-AVFoundation: e770b220cccbd017edd2c1fefb359320 -> 
  custom:video-encoder-webm-vp8: eb34c28f22e8b96e1ab97ce403110664 -> 
  custom:audio-decoder-ogg-vorbis: bf7c407c2cedff20999df2af8eb42d56 -> 
  custom:audio-encoder-webm-vorbis: bf7c407c2cedff20999df2af8eb42d56 -> 
========================================================================
Received Import Request.
  Time since last request: 34145.975612 seconds.
  path: Assets/Models/copzombie_l_actisdato.fbx
  artifactKey: Guid(34e19cd385d5b4505b04768cbbef0d2c) Importer(815301076,1909f56bfc062723c751e8b465ee728b)
Start importing Assets/Models/copzombie_l_actisdato.fbx using Guid(34e19cd385d5b4505b04768cbbef0d2c) Importer(815301076,1909f56bfc062723c751e8b465ee728b)  -> (artifact id: '1f077715970c94d9f9ccdc03d7a76214') in 0.246292 seconds
Number of updated asset objects reloaded before import = 0
Number of asset objects unloaded after import = 159
========================================================================
Received Import Request.
  Time since last request: 7.550062 seconds.
  path: Assets/Scenes/MainScene.unity
  artifactKey: Guid(9fc0d4010bbf28b4594072e72b8655ab) Importer(815301076,1909f56bfc062723c751e8b465ee728b)
Start importing Assets/Scenes/MainScene.unity using Guid(9fc0d4010bbf28b4594072e72b8655ab) Importer(815301076,1909f56bfc062723c751e8b465ee728b)  -> (artifact id: '183f484f71de83f092d79b9acd248df2') in 0.000804 seconds
Number of updated asset objects reloaded before import = 0
Number of asset objects unloaded after import = 0
========================================================================
Received Import Request.
  Time since last request: 708.526722 seconds.
  path: Assets/Models/Basic Shooter Pack
  artifactKey: Guid(c67429779caa54daf8846061858db7a9) Importer(815301076,1909f56bfc062723c751e8b465ee728b)
Start importing Assets/Models/Basic Shooter Pack using Guid(c67429779caa54daf8846061858db7a9) Importer(815301076,1909f56bfc062723c751e8b465ee728b)  -> (artifact id: '656fde61db1d660a54adf8fab7ba3dde') in 0.000727 seconds
Number of updated asset objects reloaded before import = 0
Number of asset objects unloaded after import = 0
========================================================================
Received Import Request.
  Time since last request: 0.034988 seconds.
  path: Assets/Models/Basic Shooter Pack/firing rifle.fbx
  artifactKey: Guid(58fdbabd315884e22b5dfe6bf1a732ee) Importer(815301076,1909f56bfc062723c751e8b465ee728b)
Start importing Assets/Models/Basic Shooter Pack/firing rifle.fbx using Guid(58fdbabd315884e22b5dfe6bf1a732ee) Importer(815301076,1909f56bfc062723c751e8b465ee728b)  -> (artifact id: 'd2b5132ee479f2b9595002330f225a01') in 0.003317 seconds
Number of updated asset objects reloaded before import = 0
Number of asset objects unloaded after import = 143
========================================================================
Received Import Request.
  Time since last request: 0.000040 seconds.
  path: Assets/Models/Basic Shooter Pack/strafe.fbx
  artifactKey: Guid(53d6a4e1815204a8c8d5b0ec0be87ed7) Importer(815301076,1909f56bfc062723c751e8b465ee728b)
Start importing Assets/Models/Basic Shooter Pack/strafe.fbx using Guid(53d6a4e1815204a8c8d5b0ec0be87ed7) Importer(815301076,1909f56bfc062723c751e8b465ee728b)  -> (artifact id: '73fcac6e31b321b725f09051d891ce0f') in 0.002048 seconds
Number of updated asset objects reloaded before import = 0
Number of asset objects unloaded after import = 143
========================================================================
Received Import Request.
  Time since last request: 0.000059 seconds.
  path: Assets/Models/Basic Shooter Pack/strafe (2).fbx
  artifactKey: Guid(49b33037d7d3244548cd93a1cfe891ad) Importer(815301076,1909f56bfc062723c751e8b465ee728b)
Start importing Assets/Models/Basic Shooter Pack/strafe (2).fbx using Guid(49b33037d7d3244548cd93a1cfe891ad) Importer(815301076,1909f56bfc062723c751e8b465ee728b)  -> (artifact id: '4900dbf5a613f2865932d5831ea0ba5e') in 0.002027 seconds
Number of updated asset objects reloaded before import = 0
Number of asset objects unloaded after import = 143
========================================================================
Received Import Request.
  Time since last request: 0.000078 seconds.
  path: Assets/Models/Basic Shooter Pack/run backwards.fbx
  artifactKey: Guid(07e575ed9c2ad4727ad283183aecbcd9) Importer(815301076,1909f56bfc062723c751e8b465ee728b)
Start importing Assets/Models/Basic Shooter Pack/run backwards.fbx using Guid(07e575ed9c2ad4727ad283183aecbcd9) Importer(815301076,1909f56bfc062723c751e8b465ee728b)  -> (artifact id: '9410b7492eaa4a64db4931b0bb9d3470') in 0.001836 seconds
Number of updated asset objects reloaded before import = 0
Number of asset objects unloaded after import = 143
========================================================================
Received Import Request.
  Time since last request: 0.000043 seconds.
  path: Assets/Models/Basic Shooter Pack/strafe right.fbx
  artifactKey: Guid(21e906994e6be43e0a21cb56aee9a7d7) Importer(815301076,1909f56bfc062723c751e8b465ee728b)
Start importing Assets/Models/Basic Shooter Pack/strafe right.fbx using Guid(21e906994e6be43e0a21cb56aee9a7d7) Importer(815301076,1909f56bfc062723c751e8b465ee728b)  -> (artifact id: '19398e75d4ae898568e3a93a5aaf6d01') in 0.001788 seconds
Number of updated asset objects reloaded before import = 0
Number of asset objects unloaded after import = 143
========================================================================
Received Import Request.
  Time since last request: 0.000092 seconds.
  path: Assets/Models/Basic Shooter Pack/strafe left.fbx
  artifactKey: Guid(4d4c7732e3d2f4c88814d21a4ca32d78) Importer(815301076,1909f56bfc062723c751e8b465ee728b)
Start importing Assets/Models/Basic Shooter Pack/strafe left.fbx using Guid(4d4c7732e3d2f4c88814d21a4ca32d78) Importer(815301076,1909f56bfc062723c751e8b465ee728b)  -> (artifact id: 'ca4004462e8a05ee43dc8f53a041f356') in 0.001874 seconds
Number of updated asset objects reloaded before import = 0
Number of asset objects unloaded after import = 143
========================================================================
Received Import Request.
  Time since last request: 0.000056 seconds.
  path: Assets/Models/Basic Shooter Pack/reloading.fbx
  artifactKey: Guid(ca39ecab3db9941859edd55adae6e144) Importer(815301076,1909f56bfc062723c751e8b465ee728b)
Start importing Assets/Models/Basic Shooter Pack/reloading.fbx using Guid(ca39ecab3db9941859edd55adae6e144) Importer(815301076,1909f56bfc062723c751e8b465ee728b)  -> (artifact id: '94700a1ed5a5cb463808c712d406fea5') in 0.002403 seconds
Number of updated asset objects reloaded before import = 0
Number of asset objects unloaded after import = 143
========================================================================
Received Import Request.
  Time since last request: 0.000035 seconds.
  path: Assets/Models/Basic Shooter Pack/Swat.fbx
  artifactKey: Guid(49297af7c4ac645ec9c7304df9794179) Importer(815301076,1909f56bfc062723c751e8b465ee728b)
Start importing Assets/Models/Basic Shooter Pack/Swat.fbx using Guid(49297af7c4ac645ec9c7304df9794179) Importer(815301076,1909f56bfc062723c751e8b465ee728b)  -> (artifact id: 'ebeee5fc389598ebb6645ccf2e443e6d') in 0.076773 seconds
Number of updated asset objects reloaded before import = 0
Number of asset objects unloaded after import = 156
========================================================================
Received Import Request.
  Time since last request: 33.515991 seconds.
  path: Assets/Textures/Soldier_Body_normal.png
  artifactKey: Guid(aecdbf08ac21940d98041f18afee4019) Importer(815301076,1909f56bfc062723c751e8b465ee728b)
Start importing Assets/Textures/Soldier_Body_normal.png using Guid(aecdbf08ac21940d98041f18afee4019) Importer(815301076,1909f56bfc062723c751e8b465ee728b)  -> (artifact id: '25b9ab6cf739567cab9dc2593c1d7220') in 0.026903 seconds
Number of updated asset objects reloaded before import = 0
Number of asset objects unloaded after import = 2
========================================================================
Received Import Request.
  Time since last request: 0.000051 seconds.
  path: Assets/Textures/Soldier_head_normal.png
  artifactKey: Guid(d2482d874a0e641f7b2d889c33828a9b) Importer(815301076,1909f56bfc062723c751e8b465ee728b)
Start importing Assets/Textures/Soldier_head_normal.png using Guid(d2482d874a0e641f7b2d889c33828a9b) Importer(815301076,1909f56bfc062723c751e8b465ee728b)  -> (artifact id: 'c346995b0d7fb1f8d26b696b6b874ba1') in 0.004712 seconds
Number of updated asset objects reloaded before import = 0
Number of asset objects unloaded after import = 2
Editor requested this worker to shutdown with reason: Scaling down because of idle timeout
TcpMessagingSession - receive error: operation aborted. errorcode: 89, details: Operation aborted.
AssetImportWorker is now disconnected from the server
Process exiting
